<?xml version="1.0" encoding="UTF-8"?>
<!-- Generated by org.testng.reporters.JUnitReportReporter -->
<testsuite hostname="Divyanshu" failures="0" tests="2" name="com.arc.assignment.AddCampuses" time="47.967" errors="0" timestamp="08 Jul 2021 03:38:09 GMT" skipped="0">
  <testcase classname="com.arc.assignment.AddCampuses" name="performLogin" time="13.837"/>
  <testcase classname="com.arc.assignment.AddCampuses" name="addCampuses" time="34.130"/>
</testsuite> <!-- com.arc.assignment.AddCampuses -->
