<?xml version="1.0" encoding="UTF-8"?>
<!-- Generated by org.testng.reporters.JUnitReportReporter -->
<testsuite hostname="Divyanshu" failures="0" tests="2" name="com.arc.assignment.SearchCampusName" time="20.548" errors="0" timestamp="08 Jul 2021 03:38:09 GMT" skipped="0">
  <testcase classname="com.arc.assignment.SearchCampusName" name="performLogin" time="9.040"/>
  <testcase classname="com.arc.assignment.SearchCampusName" name="searchCampus" time="11.508"/>
</testsuite> <!-- com.arc.assignment.SearchCampusName -->
